#
# There is insufficient memory for the Java Runtime Environment to continue.
# Native memory allocation (mmap) failed to map 123731968 bytes for G1 virtual space
# Possible reasons:
#   The system is out of physical RAM or swap space
#   The process is running with CompressedOops enabled, and the Java Heap may be blocking the growth of the native heap
# Possible solutions:
#   Reduce memory load on the system
#   Increase physical memory or swap space
#   Check if swap backing store is full
#   Decrease Java heap size (-Xmx/-Xms)
#   Decrease number of Java threads
#   Decrease Java thread stack sizes (-Xss)
#   Set larger code cache with -XX:ReservedCodeCacheSize=
#   JVM is running with Unscaled Compressed Oops mode in which the Java heap is
#     placed in the first 4GB address space. The Java Heap base address is the
#     maximum limit for the native heap growth. Please use -XX:HeapBaseMinAddress
#     to set the Java Heap base and to place the Java Heap above 4GB virtual address.
# This output file may be truncated or incomplete.
#
#  Out of Memory Error (os_windows.cpp:3536), pid=39224, tid=39308
#
# JRE version:  (19.0.2+7) (build )
# Java VM: Java HotSpot(TM) 64-Bit Server VM (19.0.2+7-44, mixed mode, sharing, tiered, compressed oops, compressed class ptrs, g1 gc, windows-amd64)
# No core dump will be written. Minidumps are not enabled by default on client versions of Windows
#

---------------  S U M M A R Y ------------

Command Line: -Dfile.encoding=UTF-8 --module-path=C:\Users\mouna\eclipse-workspace\CalculatriceS\bin -XX:+ShowCodeDetailsInExceptionMessages -Djdk.module.main=CalculatriceS CalculatriceS/projet.calculatrices.main.Main

Host: AMD Ryzen 5 5500U with Radeon Graphics         , 12 cores, 7G,  Windows 11 , 64 bit Build 22621 (10.0.22621.1344)
Time: Sun Mar 26 17:40:07 2023 Paris, Madrid (heure duild 22621 (10.0.22621.1344) elapsed time: 0.035615 seconds (0d 0h 0m 0s)

---------------  T H R E A D  ---------------

Current thread (0x000001b8c77ebc80):  JavaThread "Unknown thread" [_thread_in_vm, id=39308, stack(0x00000008d4600000,0x00000008d4700000)]

Stack: [0x00000008d4600000,0x00000008d4700000]
Native frames: (J=compiled Java code, j=interpreted, Vv=VM code, C=native code)
V  [jvm.dll+0x6ee21a]
V  [jvm.dll+0x85765e]
V  [jvm.dll+0x85904e]
V  [jvm.dll+0x859703]
V  [jvm.dll+0x28298f]
V  [jvm.dll+0x6eb009]
V  [jvm.dll+0x6dfbaa]
V  [jvm.dll+0x3573f6]
V  [jvm.dll+0x35ee56]
V  [jvm.dll+0x3b541e]
V  [jvm.dll+0x3b564f]
V  [jvm.dll+0x32c9ea]
V  [jvm.dll+0x32d89e]
V  [jvm.dll+0x821780]
V  [jvm.dll+0x3c2661]
V  [jvm.dll+0x801f51]
V  [jvm.dll+0x44ae8f]
V  [jvm.dll+0x44c811]
C  [jli.dll+0x5287]
C  [ucrtbase.dll+0x29363]
C  [KERNEL32.DLL+0x126bd]
C  [ntdll.dll+0x5a9f8]


---------------  P R O C E S S  ---------------

Threads class SMR info:
_java_thread_list=0x00007ffc807fd048, length=0, elements={
}

Java Threads: ( => current thread )

Other Threads:
  0x000001b8c78486f0 WorkerThread "GC Thread#0" [stack: 0x00000008d4700000,0x00000008d4800000] [id=39320]
  0x000001b8c7874fe0 ConcurrentGCThread "G1 Main Marker" [stack: 0x00000008d4800000,0x00000008d4900000] [id=39312]
  0x000001b8c7877830 WorkerThread "G1 Conc#0" [stack: 0x00000008d4900000,0x00000008d4a00000] [id=39324]

[error occurred during error reporting (printing all threads), id 0xc0000005, EXCEPTION_ACCESS_VIOLATION (0xc0000005) at pc=0x00007ffc7ffbd427]

VM state: not at safepoint (not fully initialized)

VM Mutex/Monitor currently owned by a thread:  ([mutex/lock_event])
[0x000001b8c77e8800] Heap_lock - owner thread: 0x000001b8c77ebc80

Heap address: 0x000000008ac00000, size: 1876 MB, Compressed Oops mode: 32-bit

CDS archive(s) mapped at: [0x0000000000000000-0x0000000000000000-0x0000000000000000), size 0, SharedBaseAddress: 0x0000000800000000, ArchiveRelocationMode: 0.
Narrow klass base: 0x0000000000000000, Narrow klass shift: 0, Narrow klass range: 0x0

GC Precious Log:
 CardTable entry size: 512
 Card Set container configuration: InlinePtr #cards 5 size 8 Array Of Cards #cards 12 size 40 Howl #buckets 4 coarsen threshold 1843 Howl Bitmap #cards 512 size 80 coarsen threshold 460 Card regions per heap region 1 cards per card region 2048

Heap:
 garbage-first heap   total 0K, used 0K [0x000000008ac00000, 0x0000000100000000)
  region size 1024K, 0 young (0K), 0 survivors (0K)

[error occurred during error reporting (printing heap information), id 0xc0000005, EXCEPTION_ACCESS_VIOLATION (0xc0000005) at pc=0x00007ffc803c6649]

GC Heap History (0 events):
No events

Dll operation events (1 events):
Event: 0.018 Loaded shared library C:\Program Files\Java\jdk-19\bin\java.dll

Deoptimization events (0 events):
No events

Classes loaded (0 events):
No events

Classes unloaded (0 events):
No events

Classes redefined (0 events):
No events

Internal exceptions (0 events):
No events

VM Operations (0 events):
No events

Events (0 events):
No events


Dynamic libraries:
0x00007ff73a960000 - 0x00007ff73a970000 	C:\Program Files\Java\jdk-19\bin\javaw.exe
0x00007ffcd8a90000 - 0x00007ffcd8ca4000 	C:\WINDOWS\SYSTEM32\ntdll.dll
0x00007ffcd7db0000 - 0x00007ffcd7e73000 	C:\WINDOWS\System32\KERNEL32.DLL
0x00007ffcd5ed0000 - 0x00007ffcd626c000 	C:\WINDOWS\System32\KERNELBASE.dll
0x00007ffcd62f0000 - 0x00007ffcd6401000 	C:\WINDOWS\System32\ucrtbase.dll
0x00007ffcc5750000 - 0x00007ffcc576b000 	C:\Program Files\Java\jdk-19\bin\VCRUNTIME140.dll
0x00007ffccfd60000 - 0x00007ffccfd78000 	C:\Program Files\Java\jdk-19\bin\jli.dll
0x00007ffcd8410000 - 0x00007ffcd84be000 	C:\WINDOWS\System32\ADVAPI32.dll
0x00007ffcd7490000 - 0x00007ffcd7537000 	C:\WINDOWS\System32\msvcrt.dll
0x00007ffcd7840000 - 0x00007ffcd78e4000 	C:\WINDOWS\System32\sechost.dll
0x00007ffcd7c90000 - 0x00007ffcd7da5000 	C:\WINDOWS\System32\RPCRT4.dll
0x00007ffcd7540000 - 0x00007ffcd76ed000 	C:\WINDOWS\System32\USER32.dll
0x00007ffcd64b0000 - 0x00007ffcd64d6000 	C:\WINDOWS\System32\win32u.dll
0x00007ffcd5140000 - 0x00007ffcd53ce000 	C:\WINDOWS\WinSxS\amd64_microsoft.windows.common-controls_6595b64144ccf1df_6.0.22621.608_none_a9444ca7c10bb01d\COMCTL32.dll
0x00007ffcd68e0000 - 0x00007ffcd6909000 	C:\WINDOWS\System32\GDI32.dll
0x00007ffcd6780000 - 0x00007ffcd6893000 	C:\WINDOWS\System32\gdi32full.dll
0x00007ffcd6410000 - 0x00007ffcd64aa000 	C:\WINDOWS\System32\msvcp_win.dll
0x00007ffcce560000 - 0x00007ffcce56a000 	C:\WINDOWS\SYSTEM32\VERSION.dll
0x00007ffcd68a0000 - 0x00007ffcd68d1000 	C:\WINDOWS\System32\IMM32.DLL
0x00007ffcd0f70000 - 0x00007ffcd0f7c000 	C:\Program Files\Java\jdk-19\bin\vcruntime140_1.dll
0x00007ffcbdae0000 - 0x00007ffcbdb6e000 	C:\Program Files\Java\jdk-19\bin\msvcp140.dll
0x00007ffc7fc80000 - 0x00007ffc80940000 	C:\Program Files\Java\jdk-19\bin\server\jvm.dll
0x00007ffcbd2d0000 - 0x00007ffcbd2d9000 	C:\WINDOWS\SYSTEM32\WSOCK32.dll
0x00007ffccec60000 - 0x00007ffccec94000 	C:\WINDOWS\SYSTEM32\WINMM.dll
0x00007ffcd7b10000 - 0x00007ffcd7b81000 	C:\WINDOWS\System32\WS2_32.dll
0x00007ffcd46e0000 - 0x00007ffcd46f8000 	C:\WINDOWS\SYSTEM32\kernel.appcore.dll
0x00007ffcb7a10000 - 0x00007ffcb7a1a000 	C:\Program Files\Java\jdk-19\bin\jimage.dll
0x00007ffcd5850000 - 0x00007ffcd5a7e000 	C:\WINDOWS\SYSTEM32\DBGHELP.DLL
0x00007ffcd6910000 - 0x00007ffcd6c99000 	C:\WINDOWS\System32\combase.dll
0x00007ffcd8910000 - 0x00007ffcd89e7000 	C:\WINDOWS\System32\OLEAUT32.dll
0x00007ffcd56c0000 - 0x00007ffcd56f2000 	C:\WINDOWS\SYSTEM32\dbgcore.DLL
0x00007ffcd6270000 - 0x00007ffcd62eb000 	C:\WINDOWS\System32\bcryptPrimitives.dll
0x00007ffcb79e0000 - 0x00007ffcb7a06000 	C:\Program Files\Java\jdk-19\bin\java.dll

dbghelp: loaded successfully - version: 4.0.5 - missing functions: none
symbol engine: initialized successfully - sym options: 0x614 - pdb path: .;C:\Program Files\Java\jdk-19\bin;C:\WINDOWS\SYSTEM32;C:\WINDOWS\WinSxS\amd64_microsoft.windows.common-controls_6595b64144ccf1df_6.0.22621.608_none_a9444ca7c10bb01d;C:\Program Files\Java\jdk-19\bin\server

VM Arguments:
jvm_args: -Dfile.encoding=UTF-8 --module-path=C:\Users\mouna\eclipse-workspace\CalculatriceS\bin -XX:+ShowCodeDetailsInExceptionMessages -Djdk.module.main=CalculatriceS 
java_command: CalculatriceS/projet.calculatrices.main.Main
java_class_path (initial): <not set>
Launcher Type: SUN_STANDARD

[Global flags]
     intx CICompilerCount                          = 4                                         {product} {ergonomic}
     uint ConcGCThreads                            = 3                                         {product} {ergonomic}
     uint G1ConcRefinementThreads                  = 10                                        {product} {ergonomic}
   size_t G1HeapRegionSize                         = 1048576                                   {product} {ergonomic}
    uintx GCDrainStackTargetSize                   = 64                                        {product} {ergonomic}
   size_t InitialHeapSize                          = 123731968                                 {product} {ergonomic}
   size_t MarkStackSize                            = 4194304                                   {product} {ergonomic}
   size_t MaxHeapSize                              = 1967128576                                {product} {ergonomic}
   size_t MinHeapDeltaBytes                        = 1048576                                   {product} {ergonomic}
   size_t MinHeapSize                              = 8388608                                   {product} {ergonomic}
    uintx NonNMethodCodeHeapSize                   = 5839372                                {pd product} {ergonomic}
    uintx NonProfiledCodeHeapSize                  = 122909434                              {pd product} {ergonomic}
    uintx ProfiledCodeHeapSize                     = 122909434                              {pd product} {ergonomic}
    uintx ReservedCodeCacheSize                    = 251658240                              {pd product} {ergonomic}
     bool SegmentedCodeCache                       = true                                      {product} {ergonomic}
     bool ShowCodeDetailsInExceptionMessages       = true                                   {manageable} {command line}
   size_t SoftMaxHeapSize                          = 1967128576                             {manageable} {ergonomic}
     bool UseCompressedClassPointers               = true                           {product lp64_product} {ergonomic}
     bool UseCompressedOops                        = true                           {product lp64_product} {ergonomic}
     bool UseG1GC                                  = true                                      {product} {ergonomic}
     bool UseLargePagesIndividualAllocation        = false                                  {pd product} {ergonomic}

Logging:
Log output configuration:
 #0: stdout all=warning uptime,level,tags foldmultilines=false
 #1: stderr all=off uptime,level,tags foldmultilines=false

Environment Variables:
PATH=C:/Program Files/Java/jdk-19/bin/server;C:/Program Files/Java/jdk-19/bin;C:\Program Files\Common Files\Oracle\Java\javapath;C:\Python311\Scripts\;C:\Python311\;C:\Users\mouna\Downloads\WINDOWS.X64_193000_db_home\bin;C:\WINDOWS\system32;C:\WINDOWS;C:\WINDOWS\System32\Wbem;C:\WINDOWS\System32\WindowsPowerShell\v1.0\;C:\WINDOWS\System32\OpenSSH\;C:\Program Files\Microsoft SQL Server\Client SDK\ODBC\170\Tools\Binn\;C:\Program Files (x86)\Microsoft SQL Server\150\Tools\Binn\;C:\Program Files\Microsoft SQL Server\150\Tools\Binn\;C:\Program Files\Microsoft SQL Server\150\DTS\Binn\;C:\Program Files\Git\cmd;C:\Program Files\nodejs\;C:\ProgramData\chocolatey\bin;C:\Program Files\Java\jdk-19\bin;C:\Users\mouna\AppData\Local\Microsoft\WindowsApps;C:\Users\mouna\AppData\Local\Programs\Microsoft VS Code\bin;C:\Users\mouna\AppData\Local\GitHubDesktop\bin;C:\Users\mouna\AppData\Roaming\npm;C:\Users\mouna\AppData\Local\Programs\oh-my-posh\bin;C:\Users\mouna\OneDrive\Bureau;
USERNAME=mouna
OS=Windows_NT
PROCESSOR_IDENTIFIER=AMD64 Family 23 Model 104 Stepping 1, AuthenticAMD
TMP=C:\Users\mouna\AppData\Local\Temp
TEMP=C:\Users\mouna\AppData\Local\Temp



---------------  S Y S T E M  ---------------

OS:
 Windows 11 , 64 bit Build 22621 (10.0.22621.1344)
OS uptime: 2 days 23:18 hours

CPU: total 12 (initial active 12) (12 cores per cpu, 2 threads per core) family 23 model 104 stepping 1 microcode 0x0, cx8, cmov, fxsr, ht, mmx, 3dnowpref, sse, sse2, sse3, ssse3, sse4a, sse4.1, sse4.2, popcnt, lzcnt, tsc, tscinvbit, avx, avx2, aes, clmul, bmi1, bmi2, adx, sha, fma, vzeroupper, clflush, clflushopt, rdtscp, rdpid

Memory: 4k page, system-wide physical 7503M (763M free)
TotalPageFile size 30031M (AvailPageFile size 13M)
current process WorkingSet (physical memory assigned to process): 11M, peak: 11M
current process commit charge ("private bytes"): 64M, peak: 182M

vm_info: Java HotSpot(TM) 64-Bit Server VM (19.0.2+7-44) for windows-amd64 JRE (19.0.2+7-44), built on 2022-11-30T18:02:09Z by "mach5one" with MS VC++ 17.1 (VS2022)

END.
